F:\[] CSY1024 - GAME TECHNIQUES I\WEEK 6 (MOVING OBJECTS USING INTERVAL TIMER & COLLISION DETECTION)\TUTORIAL VI\CHICKENCROSSINGROADSIII\CPP-SFMLTEMPLATE\DEBUG\MAIN.OBJ
F:\[] CSY1024 - GAME TECHNIQUES I\WEEK 6 (MOVING OBJECTS USING INTERVAL TIMER & COLLISION DETECTION)\TUTORIAL VI\CHICKENCROSSINGROADSIII\CPP-SFMLTEMPLATE\DEBUG\VC110.PDB
F:\[] CSY1024 - GAME TECHNIQUES I\WEEK 6 (MOVING OBJECTS USING INTERVAL TIMER & COLLISION DETECTION)\TUTORIAL VI\CHICKENCROSSINGROADSIII\DEBUG\CHICKENCROSSINGROADSIII.ILK
F:\[] CSY1024 - GAME TECHNIQUES I\WEEK 6 (MOVING OBJECTS USING INTERVAL TIMER & COLLISION DETECTION)\TUTORIAL VI\CHICKENCROSSINGROADSIII\DEBUG\CHICKENCROSSINGROADSIII.EXE
F:\[] CSY1024 - GAME TECHNIQUES I\WEEK 6 (MOVING OBJECTS USING INTERVAL TIMER & COLLISION DETECTION)\TUTORIAL VI\CHICKENCROSSINGROADSIII\DEBUG\CHICKENCROSSINGROADSIII.PDB
F:\[] CSY1024 - Game Techniques I\Week 6 (Moving Objects Using Interval Timer & Collision Detection)\Tutorial VI\ChickenCrossingRoadsIII\CPP-SFMLTemplate\Debug\main.obj
F:\[] CSY1024 - Game Techniques I\Week 6 (Moving Objects Using Interval Timer & Collision Detection)\Tutorial VI\ChickenCrossingRoadsIII\CPP-SFMLTemplate\Debug\cl.command.1.tlog
F:\[] CSY1024 - Game Techniques I\Week 6 (Moving Objects Using Interval Timer & Collision Detection)\Tutorial VI\ChickenCrossingRoadsIII\CPP-SFMLTemplate\Debug\CL.read.1.tlog
F:\[] CSY1024 - Game Techniques I\Week 6 (Moving Objects Using Interval Timer & Collision Detection)\Tutorial VI\ChickenCrossingRoadsIII\CPP-SFMLTemplate\Debug\CL.write.1.tlog
F:\[] CSY1024 - Game Techniques I\Week 6 (Moving Objects Using Interval Timer & Collision Detection)\Tutorial VI\ChickenCrossingRoadsIII\CPP-SFMLTemplate\Debug\link-cvtres.read.1.tlog
F:\[] CSY1024 - Game Techniques I\Week 6 (Moving Objects Using Interval Timer & Collision Detection)\Tutorial VI\ChickenCrossingRoadsIII\CPP-SFMLTemplate\Debug\link-cvtres.write.1.tlog
F:\[] CSY1024 - Game Techniques I\Week 6 (Moving Objects Using Interval Timer & Collision Detection)\Tutorial VI\ChickenCrossingRoadsIII\CPP-SFMLTemplate\Debug\link-rc.read.1.tlog
F:\[] CSY1024 - Game Techniques I\Week 6 (Moving Objects Using Interval Timer & Collision Detection)\Tutorial VI\ChickenCrossingRoadsIII\CPP-SFMLTemplate\Debug\link-rc.write.1.tlog
F:\[] CSY1024 - Game Techniques I\Week 6 (Moving Objects Using Interval Timer & Collision Detection)\Tutorial VI\ChickenCrossingRoadsIII\CPP-SFMLTemplate\Debug\link.command.1.tlog
F:\[] CSY1024 - Game Techniques I\Week 6 (Moving Objects Using Interval Timer & Collision Detection)\Tutorial VI\ChickenCrossingRoadsIII\CPP-SFMLTemplate\Debug\link.read.1.tlog
F:\[] CSY1024 - Game Techniques I\Week 6 (Moving Objects Using Interval Timer & Collision Detection)\Tutorial VI\ChickenCrossingRoadsIII\CPP-SFMLTemplate\Debug\link.write.1.tlog
F:\[] CSY1024 - Game Techniques I\Week 6 (Moving Objects Using Interval Timer & Collision Detection)\Tutorial VI\ChickenCrossingRoadsIII\CPP-SFMLTemplate\Debug\vc110.idb
F:\[] CSY1024 - Game Techniques I\Week 6 (Moving Objects Using Interval Timer & Collision Detection)\Tutorial VI\ChickenCrossingRoadsIII\CPP-SFMLTemplate\Debug\vc110.pdb
F:\[] CSY1024 - Game Techniques I\Week 6 (Moving Objects Using Interval Timer & Collision Detection)\Tutorial VI\ChickenCrossingRoadsIII\Debug\ChickenCrossingRoadsIII.pdb
F:\[] CSY1024 - Game Techniques I\Week 6 (Moving Objects Using Interval Timer & Collision Detection)\Tutorial VI\ChickenCrossingRoadsIII\Debug\ChickenCrossingRoadsIII.exe
F:\[] CSY1024 - Game Techniques I\Week 6 (Moving Objects Using Interval Timer & Collision Detection)\Tutorial VI\ChickenCrossingRoadsIII\Debug\ChickenCrossingRoadsIII.ilk
