C:\USERS\LUKEJ\ONEDRIVE\DOCUMENTS\UNI\GAME TECHNIQUES\MAGICAL DROP II\CPP-SFMLTEMPLATE\DEBUG\MAIN.OBJ
C:\USERS\LUKEJ\ONEDRIVE\DOCUMENTS\UNI\GAME TECHNIQUES\MAGICAL DROP II\CPP-SFMLTEMPLATE\DEBUG\VC110.PDB
C:\USERS\LUKEJ\ONEDRIVE\DOCUMENTS\UNI\GAME TECHNIQUES\MAGICAL DROP II\CPP-SFMLTEMPLATE\DEBUG\SPRITES.OBJ
C:\USERS\LUKEJ\ONEDRIVE\DOCUMENTS\UNI\GAME TECHNIQUES\MAGICAL DROP II\CPP-SFMLTEMPLATE\DEBUG\BLUEBUBBLE.OBJ
C:\USERS\LUKEJ\ONEDRIVE\DOCUMENTS\UNI\GAME TECHNIQUES\MAGICAL DROP II\CPP-SFMLTEMPLATE\DEBUG\GREENBUBBLE.OBJ
C:\USERS\LUKEJ\ONEDRIVE\DOCUMENTS\UNI\GAME TECHNIQUES\MAGICAL DROP II\CPP-SFMLTEMPLATE\DEBUG\REDBUBBLE.OBJ
C:\USERS\LUKEJ\ONEDRIVE\DOCUMENTS\UNI\GAME TECHNIQUES\MAGICAL DROP II\CPP-SFMLTEMPLATE\DEBUG\YELLOWBUBBLE.OBJ
C:\USERS\LUKEJ\ONEDRIVE\DOCUMENTS\UNI\GAME TECHNIQUES\MAGICAL DROP II\DEBUG\MAGICAL DROP II.ILK
C:\USERS\LUKEJ\ONEDRIVE\DOCUMENTS\UNI\GAME TECHNIQUES\MAGICAL DROP II\DEBUG\MAGICAL DROP II.EXE
C:\USERS\LUKEJ\ONEDRIVE\DOCUMENTS\UNI\GAME TECHNIQUES\MAGICAL DROP II\DEBUG\MAGICAL DROP II.PDB
C:\Users\lukej\OneDrive\Documents\Uni\Game Techniques\Magical Drop II\CPP-SFMLTemplate\Debug\BlueBubble.obj
C:\Users\lukej\OneDrive\Documents\Uni\Game Techniques\Magical Drop II\CPP-SFMLTemplate\Debug\GreenBubble.obj
C:\Users\lukej\OneDrive\Documents\Uni\Game Techniques\Magical Drop II\CPP-SFMLTemplate\Debug\main.obj
C:\Users\lukej\OneDrive\Documents\Uni\Game Techniques\Magical Drop II\CPP-SFMLTemplate\Debug\RedBubble.obj
C:\Users\lukej\OneDrive\Documents\Uni\Game Techniques\Magical Drop II\CPP-SFMLTemplate\Debug\sprites.obj
C:\Users\lukej\OneDrive\Documents\Uni\Game Techniques\Magical Drop II\CPP-SFMLTemplate\Debug\YellowBubble.obj
C:\Users\lukej\OneDrive\Documents\Uni\Game Techniques\Magical Drop II\CPP-SFMLTemplate\Debug\cl.command.1.tlog
C:\Users\lukej\OneDrive\Documents\Uni\Game Techniques\Magical Drop II\CPP-SFMLTemplate\Debug\CL.read.1.tlog
C:\Users\lukej\OneDrive\Documents\Uni\Game Techniques\Magical Drop II\CPP-SFMLTemplate\Debug\CL.write.1.tlog
C:\Users\lukej\OneDrive\Documents\Uni\Game Techniques\Magical Drop II\CPP-SFMLTemplate\Debug\link-cvtres.read.1.tlog
C:\Users\lukej\OneDrive\Documents\Uni\Game Techniques\Magical Drop II\CPP-SFMLTemplate\Debug\link-cvtres.write.1.tlog
C:\Users\lukej\OneDrive\Documents\Uni\Game Techniques\Magical Drop II\CPP-SFMLTemplate\Debug\link-rc.read.1.tlog
C:\Users\lukej\OneDrive\Documents\Uni\Game Techniques\Magical Drop II\CPP-SFMLTemplate\Debug\link-rc.write.1.tlog
C:\Users\lukej\OneDrive\Documents\Uni\Game Techniques\Magical Drop II\CPP-SFMLTemplate\Debug\link.1228-cvtres.read.1.tlog
C:\Users\lukej\OneDrive\Documents\Uni\Game Techniques\Magical Drop II\CPP-SFMLTemplate\Debug\link.1228-cvtres.write.1.tlog
C:\Users\lukej\OneDrive\Documents\Uni\Game Techniques\Magical Drop II\CPP-SFMLTemplate\Debug\link.1228-rc.read.1.tlog
C:\Users\lukej\OneDrive\Documents\Uni\Game Techniques\Magical Drop II\CPP-SFMLTemplate\Debug\link.1228-rc.write.1.tlog
C:\Users\lukej\OneDrive\Documents\Uni\Game Techniques\Magical Drop II\CPP-SFMLTemplate\Debug\link.1228.read.1.tlog
C:\Users\lukej\OneDrive\Documents\Uni\Game Techniques\Magical Drop II\CPP-SFMLTemplate\Debug\link.1228.write.1.tlog
C:\Users\lukej\OneDrive\Documents\Uni\Game Techniques\Magical Drop II\CPP-SFMLTemplate\Debug\link.13148-cvtres.read.1.tlog
C:\Users\lukej\OneDrive\Documents\Uni\Game Techniques\Magical Drop II\CPP-SFMLTemplate\Debug\link.13148-cvtres.write.1.tlog
C:\Users\lukej\OneDrive\Documents\Uni\Game Techniques\Magical Drop II\CPP-SFMLTemplate\Debug\link.13148-rc.read.1.tlog
C:\Users\lukej\OneDrive\Documents\Uni\Game Techniques\Magical Drop II\CPP-SFMLTemplate\Debug\link.13148-rc.write.1.tlog
C:\Users\lukej\OneDrive\Documents\Uni\Game Techniques\Magical Drop II\CPP-SFMLTemplate\Debug\link.13148.read.1.tlog
C:\Users\lukej\OneDrive\Documents\Uni\Game Techniques\Magical Drop II\CPP-SFMLTemplate\Debug\link.13148.write.1.tlog
C:\Users\lukej\OneDrive\Documents\Uni\Game Techniques\Magical Drop II\CPP-SFMLTemplate\Debug\link.13636-cvtres.read.1.tlog
C:\Users\lukej\OneDrive\Documents\Uni\Game Techniques\Magical Drop II\CPP-SFMLTemplate\Debug\link.13636-cvtres.write.1.tlog
C:\Users\lukej\OneDrive\Documents\Uni\Game Techniques\Magical Drop II\CPP-SFMLTemplate\Debug\link.13636-rc.read.1.tlog
C:\Users\lukej\OneDrive\Documents\Uni\Game Techniques\Magical Drop II\CPP-SFMLTemplate\Debug\link.13636-rc.write.1.tlog
C:\Users\lukej\OneDrive\Documents\Uni\Game Techniques\Magical Drop II\CPP-SFMLTemplate\Debug\link.13636.read.1.tlog
C:\Users\lukej\OneDrive\Documents\Uni\Game Techniques\Magical Drop II\CPP-SFMLTemplate\Debug\link.13636.write.1.tlog
C:\Users\lukej\OneDrive\Documents\Uni\Game Techniques\Magical Drop II\CPP-SFMLTemplate\Debug\link.13680-cvtres.read.1.tlog
C:\Users\lukej\OneDrive\Documents\Uni\Game Techniques\Magical Drop II\CPP-SFMLTemplate\Debug\link.13680-cvtres.write.1.tlog
C:\Users\lukej\OneDrive\Documents\Uni\Game Techniques\Magical Drop II\CPP-SFMLTemplate\Debug\link.13680-rc.read.1.tlog
C:\Users\lukej\OneDrive\Documents\Uni\Game Techniques\Magical Drop II\CPP-SFMLTemplate\Debug\link.13680-rc.write.1.tlog
C:\Users\lukej\OneDrive\Documents\Uni\Game Techniques\Magical Drop II\CPP-SFMLTemplate\Debug\link.13680.read.1.tlog
C:\Users\lukej\OneDrive\Documents\Uni\Game Techniques\Magical Drop II\CPP-SFMLTemplate\Debug\link.13680.write.1.tlog
C:\Users\lukej\OneDrive\Documents\Uni\Game Techniques\Magical Drop II\CPP-SFMLTemplate\Debug\link.13752-cvtres.read.1.tlog
C:\Users\lukej\OneDrive\Documents\Uni\Game Techniques\Magical Drop II\CPP-SFMLTemplate\Debug\link.13752-cvtres.write.1.tlog
C:\Users\lukej\OneDrive\Documents\Uni\Game Techniques\Magical Drop II\CPP-SFMLTemplate\Debug\link.13752-rc.read.1.tlog
C:\Users\lukej\OneDrive\Documents\Uni\Game Techniques\Magical Drop II\CPP-SFMLTemplate\Debug\link.13752-rc.write.1.tlog
C:\Users\lukej\OneDrive\Documents\Uni\Game Techniques\Magical Drop II\CPP-SFMLTemplate\Debug\link.13752.read.1.tlog
C:\Users\lukej\OneDrive\Documents\Uni\Game Techniques\Magical Drop II\CPP-SFMLTemplate\Debug\link.13752.write.1.tlog
C:\Users\lukej\OneDrive\Documents\Uni\Game Techniques\Magical Drop II\CPP-SFMLTemplate\Debug\link.14040-cvtres.read.1.tlog
C:\Users\lukej\OneDrive\Documents\Uni\Game Techniques\Magical Drop II\CPP-SFMLTemplate\Debug\link.14040-cvtres.write.1.tlog
C:\Users\lukej\OneDrive\Documents\Uni\Game Techniques\Magical Drop II\CPP-SFMLTemplate\Debug\link.14040-rc.read.1.tlog
C:\Users\lukej\OneDrive\Documents\Uni\Game Techniques\Magical Drop II\CPP-SFMLTemplate\Debug\link.14040-rc.write.1.tlog
C:\Users\lukej\OneDrive\Documents\Uni\Game Techniques\Magical Drop II\CPP-SFMLTemplate\Debug\link.14040.read.1.tlog
C:\Users\lukej\OneDrive\Documents\Uni\Game Techniques\Magical Drop II\CPP-SFMLTemplate\Debug\link.14040.write.1.tlog
C:\Users\lukej\OneDrive\Documents\Uni\Game Techniques\Magical Drop II\CPP-SFMLTemplate\Debug\link.14184-cvtres.read.1.tlog
C:\Users\lukej\OneDrive\Documents\Uni\Game Techniques\Magical Drop II\CPP-SFMLTemplate\Debug\link.14184-cvtres.write.1.tlog
C:\Users\lukej\OneDrive\Documents\Uni\Game Techniques\Magical Drop II\CPP-SFMLTemplate\Debug\link.14184-rc.read.1.tlog
C:\Users\lukej\OneDrive\Documents\Uni\Game Techniques\Magical Drop II\CPP-SFMLTemplate\Debug\link.14184-rc.write.1.tlog
C:\Users\lukej\OneDrive\Documents\Uni\Game Techniques\Magical Drop II\CPP-SFMLTemplate\Debug\link.14184.read.1.tlog
C:\Users\lukej\OneDrive\Documents\Uni\Game Techniques\Magical Drop II\CPP-SFMLTemplate\Debug\link.14184.write.1.tlog
C:\Users\lukej\OneDrive\Documents\Uni\Game Techniques\Magical Drop II\CPP-SFMLTemplate\Debug\link.15676-cvtres.read.1.tlog
C:\Users\lukej\OneDrive\Documents\Uni\Game Techniques\Magical Drop II\CPP-SFMLTemplate\Debug\link.15676-cvtres.write.1.tlog
C:\Users\lukej\OneDrive\Documents\Uni\Game Techniques\Magical Drop II\CPP-SFMLTemplate\Debug\link.15676-rc.read.1.tlog
C:\Users\lukej\OneDrive\Documents\Uni\Game Techniques\Magical Drop II\CPP-SFMLTemplate\Debug\link.15676-rc.write.1.tlog
C:\Users\lukej\OneDrive\Documents\Uni\Game Techniques\Magical Drop II\CPP-SFMLTemplate\Debug\link.15676.read.1.tlog
C:\Users\lukej\OneDrive\Documents\Uni\Game Techniques\Magical Drop II\CPP-SFMLTemplate\Debug\link.15676.write.1.tlog
C:\Users\lukej\OneDrive\Documents\Uni\Game Techniques\Magical Drop II\CPP-SFMLTemplate\Debug\link.16080-cvtres.read.1.tlog
C:\Users\lukej\OneDrive\Documents\Uni\Game Techniques\Magical Drop II\CPP-SFMLTemplate\Debug\link.16080-cvtres.write.1.tlog
C:\Users\lukej\OneDrive\Documents\Uni\Game Techniques\Magical Drop II\CPP-SFMLTemplate\Debug\link.16080-rc.read.1.tlog
C:\Users\lukej\OneDrive\Documents\Uni\Game Techniques\Magical Drop II\CPP-SFMLTemplate\Debug\link.16080-rc.write.1.tlog
C:\Users\lukej\OneDrive\Documents\Uni\Game Techniques\Magical Drop II\CPP-SFMLTemplate\Debug\link.16080.read.1.tlog
C:\Users\lukej\OneDrive\Documents\Uni\Game Techniques\Magical Drop II\CPP-SFMLTemplate\Debug\link.16080.write.1.tlog
C:\Users\lukej\OneDrive\Documents\Uni\Game Techniques\Magical Drop II\CPP-SFMLTemplate\Debug\link.16164-cvtres.read.1.tlog
C:\Users\lukej\OneDrive\Documents\Uni\Game Techniques\Magical Drop II\CPP-SFMLTemplate\Debug\link.16164-cvtres.write.1.tlog
C:\Users\lukej\OneDrive\Documents\Uni\Game Techniques\Magical Drop II\CPP-SFMLTemplate\Debug\link.16164-rc.read.1.tlog
C:\Users\lukej\OneDrive\Documents\Uni\Game Techniques\Magical Drop II\CPP-SFMLTemplate\Debug\link.16164-rc.write.1.tlog
C:\Users\lukej\OneDrive\Documents\Uni\Game Techniques\Magical Drop II\CPP-SFMLTemplate\Debug\link.16164.read.1.tlog
C:\Users\lukej\OneDrive\Documents\Uni\Game Techniques\Magical Drop II\CPP-SFMLTemplate\Debug\link.16164.write.1.tlog
C:\Users\lukej\OneDrive\Documents\Uni\Game Techniques\Magical Drop II\CPP-SFMLTemplate\Debug\link.16604-cvtres.read.1.tlog
C:\Users\lukej\OneDrive\Documents\Uni\Game Techniques\Magical Drop II\CPP-SFMLTemplate\Debug\link.16604-cvtres.write.1.tlog
C:\Users\lukej\OneDrive\Documents\Uni\Game Techniques\Magical Drop II\CPP-SFMLTemplate\Debug\link.16604-rc.read.1.tlog
C:\Users\lukej\OneDrive\Documents\Uni\Game Techniques\Magical Drop II\CPP-SFMLTemplate\Debug\link.16604-rc.write.1.tlog
C:\Users\lukej\OneDrive\Documents\Uni\Game Techniques\Magical Drop II\CPP-SFMLTemplate\Debug\link.16604.read.1.tlog
C:\Users\lukej\OneDrive\Documents\Uni\Game Techniques\Magical Drop II\CPP-SFMLTemplate\Debug\link.16604.write.1.tlog
C:\Users\lukej\OneDrive\Documents\Uni\Game Techniques\Magical Drop II\CPP-SFMLTemplate\Debug\link.17252-cvtres.read.1.tlog
C:\Users\lukej\OneDrive\Documents\Uni\Game Techniques\Magical Drop II\CPP-SFMLTemplate\Debug\link.17252-cvtres.write.1.tlog
C:\Users\lukej\OneDrive\Documents\Uni\Game Techniques\Magical Drop II\CPP-SFMLTemplate\Debug\link.17252-rc.read.1.tlog
C:\Users\lukej\OneDrive\Documents\Uni\Game Techniques\Magical Drop II\CPP-SFMLTemplate\Debug\link.17252-rc.write.1.tlog
C:\Users\lukej\OneDrive\Documents\Uni\Game Techniques\Magical Drop II\CPP-SFMLTemplate\Debug\link.17252.read.1.tlog
C:\Users\lukej\OneDrive\Documents\Uni\Game Techniques\Magical Drop II\CPP-SFMLTemplate\Debug\link.17252.write.1.tlog
C:\Users\lukej\OneDrive\Documents\Uni\Game Techniques\Magical Drop II\CPP-SFMLTemplate\Debug\link.236-cvtres.read.1.tlog
C:\Users\lukej\OneDrive\Documents\Uni\Game Techniques\Magical Drop II\CPP-SFMLTemplate\Debug\link.236-cvtres.write.1.tlog
C:\Users\lukej\OneDrive\Documents\Uni\Game Techniques\Magical Drop II\CPP-SFMLTemplate\Debug\link.236-rc.read.1.tlog
C:\Users\lukej\OneDrive\Documents\Uni\Game Techniques\Magical Drop II\CPP-SFMLTemplate\Debug\link.236-rc.write.1.tlog
C:\Users\lukej\OneDrive\Documents\Uni\Game Techniques\Magical Drop II\CPP-SFMLTemplate\Debug\link.236.read.1.tlog
C:\Users\lukej\OneDrive\Documents\Uni\Game Techniques\Magical Drop II\CPP-SFMLTemplate\Debug\link.236.write.1.tlog
C:\Users\lukej\OneDrive\Documents\Uni\Game Techniques\Magical Drop II\CPP-SFMLTemplate\Debug\link.3208-cvtres.read.1.tlog
C:\Users\lukej\OneDrive\Documents\Uni\Game Techniques\Magical Drop II\CPP-SFMLTemplate\Debug\link.3208-cvtres.write.1.tlog
C:\Users\lukej\OneDrive\Documents\Uni\Game Techniques\Magical Drop II\CPP-SFMLTemplate\Debug\link.3208-rc.read.1.tlog
C:\Users\lukej\OneDrive\Documents\Uni\Game Techniques\Magical Drop II\CPP-SFMLTemplate\Debug\link.3208-rc.write.1.tlog
C:\Users\lukej\OneDrive\Documents\Uni\Game Techniques\Magical Drop II\CPP-SFMLTemplate\Debug\link.3208.read.1.tlog
C:\Users\lukej\OneDrive\Documents\Uni\Game Techniques\Magical Drop II\CPP-SFMLTemplate\Debug\link.3208.write.1.tlog
C:\Users\lukej\OneDrive\Documents\Uni\Game Techniques\Magical Drop II\CPP-SFMLTemplate\Debug\link.6024-cvtres.read.1.tlog
C:\Users\lukej\OneDrive\Documents\Uni\Game Techniques\Magical Drop II\CPP-SFMLTemplate\Debug\link.6024-cvtres.write.1.tlog
C:\Users\lukej\OneDrive\Documents\Uni\Game Techniques\Magical Drop II\CPP-SFMLTemplate\Debug\link.6024-rc.read.1.tlog
C:\Users\lukej\OneDrive\Documents\Uni\Game Techniques\Magical Drop II\CPP-SFMLTemplate\Debug\link.6024-rc.write.1.tlog
C:\Users\lukej\OneDrive\Documents\Uni\Game Techniques\Magical Drop II\CPP-SFMLTemplate\Debug\link.6024.read.1.tlog
C:\Users\lukej\OneDrive\Documents\Uni\Game Techniques\Magical Drop II\CPP-SFMLTemplate\Debug\link.6024.write.1.tlog
C:\Users\lukej\OneDrive\Documents\Uni\Game Techniques\Magical Drop II\CPP-SFMLTemplate\Debug\link.6304-cvtres.read.1.tlog
C:\Users\lukej\OneDrive\Documents\Uni\Game Techniques\Magical Drop II\CPP-SFMLTemplate\Debug\link.6304-cvtres.write.1.tlog
C:\Users\lukej\OneDrive\Documents\Uni\Game Techniques\Magical Drop II\CPP-SFMLTemplate\Debug\link.6304-rc.read.1.tlog
C:\Users\lukej\OneDrive\Documents\Uni\Game Techniques\Magical Drop II\CPP-SFMLTemplate\Debug\link.6304-rc.write.1.tlog
C:\Users\lukej\OneDrive\Documents\Uni\Game Techniques\Magical Drop II\CPP-SFMLTemplate\Debug\link.6304.read.1.tlog
C:\Users\lukej\OneDrive\Documents\Uni\Game Techniques\Magical Drop II\CPP-SFMLTemplate\Debug\link.6304.write.1.tlog
C:\Users\lukej\OneDrive\Documents\Uni\Game Techniques\Magical Drop II\CPP-SFMLTemplate\Debug\link.7472-cvtres.read.1.tlog
C:\Users\lukej\OneDrive\Documents\Uni\Game Techniques\Magical Drop II\CPP-SFMLTemplate\Debug\link.7472-cvtres.write.1.tlog
C:\Users\lukej\OneDrive\Documents\Uni\Game Techniques\Magical Drop II\CPP-SFMLTemplate\Debug\link.7472-rc.read.1.tlog
C:\Users\lukej\OneDrive\Documents\Uni\Game Techniques\Magical Drop II\CPP-SFMLTemplate\Debug\link.7472-rc.write.1.tlog
C:\Users\lukej\OneDrive\Documents\Uni\Game Techniques\Magical Drop II\CPP-SFMLTemplate\Debug\link.7472.read.1.tlog
C:\Users\lukej\OneDrive\Documents\Uni\Game Techniques\Magical Drop II\CPP-SFMLTemplate\Debug\link.7472.write.1.tlog
C:\Users\lukej\OneDrive\Documents\Uni\Game Techniques\Magical Drop II\CPP-SFMLTemplate\Debug\link.8128-cvtres.read.1.tlog
C:\Users\lukej\OneDrive\Documents\Uni\Game Techniques\Magical Drop II\CPP-SFMLTemplate\Debug\link.8128-cvtres.write.1.tlog
C:\Users\lukej\OneDrive\Documents\Uni\Game Techniques\Magical Drop II\CPP-SFMLTemplate\Debug\link.8128-rc.read.1.tlog
C:\Users\lukej\OneDrive\Documents\Uni\Game Techniques\Magical Drop II\CPP-SFMLTemplate\Debug\link.8128-rc.write.1.tlog
C:\Users\lukej\OneDrive\Documents\Uni\Game Techniques\Magical Drop II\CPP-SFMLTemplate\Debug\link.8128.read.1.tlog
C:\Users\lukej\OneDrive\Documents\Uni\Game Techniques\Magical Drop II\CPP-SFMLTemplate\Debug\link.8128.write.1.tlog
C:\Users\lukej\OneDrive\Documents\Uni\Game Techniques\Magical Drop II\CPP-SFMLTemplate\Debug\link.9760-cvtres.read.1.tlog
C:\Users\lukej\OneDrive\Documents\Uni\Game Techniques\Magical Drop II\CPP-SFMLTemplate\Debug\link.9760-cvtres.write.1.tlog
C:\Users\lukej\OneDrive\Documents\Uni\Game Techniques\Magical Drop II\CPP-SFMLTemplate\Debug\link.9760-rc.read.1.tlog
C:\Users\lukej\OneDrive\Documents\Uni\Game Techniques\Magical Drop II\CPP-SFMLTemplate\Debug\link.9760-rc.write.1.tlog
C:\Users\lukej\OneDrive\Documents\Uni\Game Techniques\Magical Drop II\CPP-SFMLTemplate\Debug\link.9760.read.1.tlog
C:\Users\lukej\OneDrive\Documents\Uni\Game Techniques\Magical Drop II\CPP-SFMLTemplate\Debug\link.9760.write.1.tlog
C:\Users\lukej\OneDrive\Documents\Uni\Game Techniques\Magical Drop II\CPP-SFMLTemplate\Debug\link.command.1.tlog
C:\Users\lukej\OneDrive\Documents\Uni\Game Techniques\Magical Drop II\CPP-SFMLTemplate\Debug\link.read.1.tlog
C:\Users\lukej\OneDrive\Documents\Uni\Game Techniques\Magical Drop II\CPP-SFMLTemplate\Debug\link.write.1.tlog
C:\Users\lukej\OneDrive\Documents\Uni\Game Techniques\Magical Drop II\CPP-SFMLTemplate\Debug\vc110.idb
C:\Users\lukej\OneDrive\Documents\Uni\Game Techniques\Magical Drop II\CPP-SFMLTemplate\Debug\vc110.pdb
C:\Users\lukej\OneDrive\Documents\Uni\Game Techniques\Magical Drop II\Debug\Magical Drop II.pdb
C:\Users\lukej\OneDrive\Documents\Uni\Game Techniques\Magical Drop II\Debug\Magical Drop II.exe
C:\Users\lukej\OneDrive\Documents\Uni\Game Techniques\Magical Drop II\Debug\Magical Drop II.ilk
